{"C:\\Users\\nprasads\\Documents\\Git\\calc\\src\\assets\\js\\index.js": {"path":"C:\\Users\\nprasads\\Documents\\Git\\calc\\src\\assets\\js\\index.js","statementMap":{"0":{"start":{"line":1,"column":17},"end":{"line":1,"column":64}},"1":{"start":{"line":1,"column":23},"end":{"line":1,"column":64}},"2":{"start":{"line":2,"column":19},"end":{"line":2,"column":67}},"3":{"start":{"line":2,"column":25},"end":{"line":2,"column":67}}},"fnMap":{"0":{"name":"(anonymous_0)","decl":{"start":{"line":1,"column":17},"end":{"line":1,"column":18}},"loc":{"start":{"line":1,"column":23},"end":{"line":1,"column":64}},"line":1},"1":{"name":"(anonymous_1)","decl":{"start":{"line":2,"column":19},"end":{"line":2,"column":20}},"loc":{"start":{"line":2,"column":25},"end":{"line":2,"column":67}},"line":2}},"branchMap":{},"s":{"0":0,"1":0,"2":0,"3":0},"f":{"0":0,"1":0},"b":{}}
}
